<testsuites id="" name="" tests="2" failures="1" skipped="0" errors="0" time="9.019669">
<testsuite name="accessibility\a11y.spec.js" timestamp="2025-02-09T14:56:55.779Z" hostname="chromium" tests="2" failures="1" skipped="0" time="13.199" errors="0">
<testcase name="Accessibility Tests › should pass accessibility scan on login page" classname="accessibility\a11y.spec.js" time="6.818">
<failure message="a11y.spec.js:5:5 should pass accessibility scan on login page" type="FAILURE">
<![CDATA[  [chromium] › accessibility\a11y.spec.js:5:5 › Accessibility Tests › should pass accessibility scan on login page 

    Error: expect(received).toEqual(expected) // deep equality

    - Expected  -  1
    + Received  + 91

    - Array []
    + Array [
    +   Object {
    +     "description": "Ensure the contrast between foreground and background colors meets WCAG 2 AA minimum contrast ratio thresholds",
    +     "help": "Elements must meet minimum color contrast ratio thresholds",
    +     "helpUrl": "https://dequeuniversity.com/rules/axe/4.10/color-contrast?application=playwright",
    +     "id": "color-contrast",
    +     "impact": "serious",
    +     "nodes": Array [
    +       Object {
    +         "all": Array [],
    +         "any": Array [
    +           Object {
    +             "data": Object {
    +               "bgColor": "#2ba6cb",
    +               "contrastRatio": 2.83,
    +               "expectedContrastRatio": "3:1",
    +               "fgColor": "#ffffff",
    +               "fontSize": "24.0pt (32px)",
    +               "fontWeight": "normal",
    +               "messageKey": null,
    +             },
    +             "id": "color-contrast",
    +             "impact": "serious",
    +             "message": "Element has insufficient color contrast of 2.83 (foreground color: #ffffff, background color: #2ba6cb, font size: 24.0pt (32px), font weight: normal). Expected contrast ratio of 3:1",
    +             "relatedNodes": Array [
    +               Object {
    +                 "html": "<button class=\"radius\" type=\"submit\"><i class=\"fa fa-2x fa-sign-in\"> Login</i></button>",
    +                 "target": Array [
    +                   "button",
    +                 ],
    +               },
    +             ],
    +           },
    +         ],
    +         "failureSummary": "Fix any of the following:
    +   Element has insufficient color contrast of 2.83 (foreground color: #ffffff, background color: #2ba6cb, font size: 24.0pt (32px), font weight: normal). Expected contrast ratio of 3:1",
    +         "html": "<i class=\"fa fa-2x fa-sign-in\"> Login</i>",
    +         "impact": "serious",
    +         "none": Array [],
    +         "target": Array [
    +           "i",
    +         ],
    +       },
    +       Object {
    +         "all": Array [],
    +         "any": Array [
    +           Object {
    +             "data": Object {
    +               "bgColor": "#ffffff",
    +               "contrastRatio": 2.83,
    +               "expectedContrastRatio": "4.5:1",
    +               "fgColor": "#2ba6cb",
    +               "fontSize": "12.0pt (16px)",
    +               "fontWeight": "normal",
    +               "messageKey": null,
    +             },
    +             "id": "color-contrast",
    +             "impact": "serious",
    +             "message": "Element has insufficient color contrast of 2.83 (foreground color: #2ba6cb, background color: #ffffff, font size: 12.0pt (16px), font weight: normal). Expected contrast ratio of 4.5:1",
    +             "relatedNodes": Array [
    +               Object {
    +                 "html": "<body>",
    +                 "target": Array [
    +                   "body",
    +                 ],
    +               },
    +             ],
    +           },
    +         ],
    +         "failureSummary": "Fix any of the following:
    +   Element has insufficient color contrast of 2.83 (foreground color: #2ba6cb, background color: #ffffff, font size: 12.0pt (16px), font weight: normal). Expected contrast ratio of 4.5:1",
    +         "html": "<a target=\"_blank\" href=\"http://elementalselenium.com/\">Elemental Selenium</a>",
    +         "impact": "serious",
    +         "none": Array [],
    +         "target": Array [
    +           "a[target=\"_blank\"]",
    +         ],
    +       },
    +     ],
    +     "tags": Array [
    +       "cat.color",
    +       "wcag2aa",
    +       "wcag143",
    +       "TTv5",
    +       "TT13.c",
    +       "EN-301-549",
    +       "EN-9.1.4.3",
    +       "ACT",
    +     ],
    +   },
    + ]

      10 |             .analyze();
      11 |
    > 12 |         expect(accessibilityScanResults.violations).toEqual([]);
         |                                                     ^
      13 |     });
      14 |
      15 |     test('form inputs should have proper labels', async ({ page }) => {

        at C:\Playwright\tests\accessibility\a11y.spec.js:12:53

    attachment #1: screenshot (image/png) ──────────────────────────────────────────────────────────
    test-results\accessibility-a11y-Accessi-04476-sibility-scan-on-login-page-chromium\test-failed-1.png
    ────────────────────────────────────────────────────────────────────────────────────────────────

    attachment #2: video (video/webm) ──────────────────────────────────────────────────────────────
    test-results\accessibility-a11y-Accessi-04476-sibility-scan-on-login-page-chromium\video.webm
    ────────────────────────────────────────────────────────────────────────────────────────────────

    attachment #3: video (video/webm) ──────────────────────────────────────────────────────────────
    test-results\accessibility-a11y-Accessi-04476-sibility-scan-on-login-page-chromium\video-1.webm
    ────────────────────────────────────────────────────────────────────────────────────────────────

    attachment #4: trace (application/zip) ─────────────────────────────────────────────────────────
    test-results\accessibility-a11y-Accessi-04476-sibility-scan-on-login-page-chromium\trace.zip
    Usage:

        npx playwright show-trace test-results\accessibility-a11y-Accessi-04476-sibility-scan-on-login-page-chromium\trace.zip

    ────────────────────────────────────────────────────────────────────────────────────────────────
]]>
</failure>
<system-out>
<![CDATA[
[[ATTACHMENT|..\..\test-results\accessibility-a11y-Accessi-04476-sibility-scan-on-login-page-chromium\test-failed-1.png]]

[[ATTACHMENT|..\..\test-results\accessibility-a11y-Accessi-04476-sibility-scan-on-login-page-chromium\video.webm]]

[[ATTACHMENT|..\..\test-results\accessibility-a11y-Accessi-04476-sibility-scan-on-login-page-chromium\video-1.webm]]

[[ATTACHMENT|..\..\test-results\accessibility-a11y-Accessi-04476-sibility-scan-on-login-page-chromium\trace.zip]]
]]>
</system-out>
</testcase>
<testcase name="Accessibility Tests › form inputs should have proper labels" classname="accessibility\a11y.spec.js" time="6.381">
<system-out>
<![CDATA[
[[ATTACHMENT|..\..\test-results\accessibility-a11y-Accessi-44d73-s-should-have-proper-labels-chromium\trace.zip]]
]]>
</system-out>
</testcase>
</testsuite>
</testsuites>